[debug] [2025-03-13T14:32:29.928Z] ----------------------------------------------------------------------
[debug] [2025-03-13T14:32:29.932Z] Command:       C:\Program Files\nodejs\node.exe C:\Users\user\AppData\Roaming\npm\node_modules\firebase-tools\lib\bin\firebase.js init
[debug] [2025-03-13T14:32:29.933Z] CLI Version:   13.34.0
[debug] [2025-03-13T14:32:29.933Z] Platform:      win32
[debug] [2025-03-13T14:32:29.933Z] Node Version:  v22.14.0
[debug] [2025-03-13T14:32:29.933Z] Time:          Thu Mar 13 2025 22:32:29 GMT+0800 (Singapore Standard Time)
[debug] [2025-03-13T14:32:29.934Z] ----------------------------------------------------------------------
[debug] 
[debug] [2025-03-13T14:32:29.940Z] > command requires scopes: ["email","openid","https://www.googleapis.com/auth/cloudplatformprojects.readonly","https://www.googleapis.com/auth/firebase","https://www.googleapis.com/auth/cloud-platform"]
[debug] [2025-03-13T14:32:29.941Z] > authorizing via signed-in user (edychen1993@gmail.com)
[info] 
     ######## #### ########  ######## ########     ###     ######  ########
     ##        ##  ##     ## ##       ##     ##  ##   ##  ##       ##
     ######    ##  ########  ######   ########  #########  ######  ######
     ##        ##  ##    ##  ##       ##     ## ##     ##       ## ##
     ##       #### ##     ## ######## ########  ##     ##  ######  ########

You're about to initialize a Firebase project in this directory:

  C:\Users\user\Desktop\WeddingSite-main

[info] 
=== Project Setup
[info] 
[info] First, let's associate this project directory with a Firebase project.
[info] You can create multiple project aliases by running firebase use --add, 
[info] but for now we'll just set up a default project.
[info] 
[debug] [2025-03-13T14:33:36.429Z] Checked if tokens are valid: true, expires at: 1741879857118
[debug] [2025-03-13T14:33:36.430Z] Checked if tokens are valid: true, expires at: 1741879857118
[debug] [2025-03-13T14:33:36.431Z] >>> [apiv2][query] GET https://firebase.googleapis.com/v1beta1/projects pageSize=100
[debug] [2025-03-13T14:33:37.386Z] <<< [apiv2][status] GET https://firebase.googleapis.com/v1beta1/projects 200
[debug] [2025-03-13T14:33:37.386Z] <<< [apiv2][body] GET https://firebase.googleapis.com/v1beta1/projects [omitted]
[info] i  Using project ep-wedding (EP-Wedding) 
[info] 
=== Hosting Setup
[debug] [2025-03-13T14:33:44.777Z] Checked if tokens are valid: true, expires at: 1741879857118
[debug] [2025-03-13T14:33:44.777Z] Checked if tokens are valid: true, expires at: 1741879857118
[debug] [2025-03-13T14:33:44.777Z] >>> [apiv2][query] GET https://firebase.googleapis.com/v1beta1/projects/ep-wedding [none]
[debug] [2025-03-13T14:33:45.187Z] <<< [apiv2][status] GET https://firebase.googleapis.com/v1beta1/projects/ep-wedding 200
[debug] [2025-03-13T14:33:45.187Z] <<< [apiv2][body] GET https://firebase.googleapis.com/v1beta1/projects/ep-wedding {"projectId":"ep-wedding","projectNumber":"456350858787","displayName":"EP-Wedding","name":"projects/ep-wedding","resources":{"hostingSite":"ep-wedding"},"state":"ACTIVE","etag":"1_4feeefad-9c86-4a0b-adf6-797e1eb1b46e"}
[info] 
[info] Your public directory is the folder (relative to your project directory) that
[info] will contain Hosting assets to be uploaded with firebase deploy. If you
[info] have a build process for your assets, use your build's output directory.
[info] 
[debug] [2025-03-13T14:34:46.302Z] >>> [apiv2][query] GET https://www.gstatic.com/firebasejs/releases.json [none]
[debug] [2025-03-13T14:34:46.507Z] <<< [apiv2][status] GET https://www.gstatic.com/firebasejs/releases.json 200
[debug] [2025-03-13T14:34:46.507Z] <<< [apiv2][body] GET https://www.gstatic.com/firebasejs/releases.json {"current":{"version":"11.4.0","browserURL":"https://www.gstatic.com/firebasejs/11.4.0/firebase.js","packageURL":"https://www.gstatic.com/firebasejs/11.4.0/firebase.tgz"},"live":{"version":"11.4","browserURL":"https://www.gstatic.com/firebasejs/live/11.4/firebase.js","packageURL":"https://www.gstatic.com/firebasejs/live/11.4/firebase.tgz"},"components":{"analytics":"https://www.gstatic.com/firebasejs/11.4.0/firebase-analytics.js","app":"https://www.gstatic.com/firebasejs/11.4.0/firebase-app.js","app-check":"https://www.gstatic.com/firebasejs/11.4.0/firebase-app-check.js","auth":"https://www.gstatic.com/firebasejs/11.4.0/firebase-auth.js","auth/cordova":"https://www.gstatic.com/firebasejs/11.4.0/firebase-auth/cordova.js","auth/web-extension":"https://www.gstatic.com/firebasejs/11.4.0/firebase-auth/web-extension.js","functions":"https://www.gstatic.com/firebasejs/11.4.0/firebase-functions.js","firestore":"https://www.gstatic.com/firebasejs/11.4.0/firebase-firestore.js","firestore/lite":"https://www.gstatic.com/firebasejs/11.4.0/firebase-firestore/lite.js","installations":"https://www.gstatic.com/firebasejs/11.4.0/firebase-installations.js","storage":"https://www.gstatic.com/firebasejs/11.4.0/firebase-storage.js","performance":"https://www.gstatic.com/firebasejs/11.4.0/firebase-performance.js","remote-config":"https://www.gstatic.com/firebasejs/11.4.0/firebase-remote-config.js","messaging":"https://www.gstatic.com/firebasejs/11.4.0/firebase-messaging.js","messaging/sw":"https://www.gstatic.com/firebasejs/11.4.0/firebase-messaging/sw.js","database":"https://www.gstatic.com/firebasejs/11.4.0/firebase-database.js","vertexai":"https://www.gstatic.com/firebasejs/11.4.0/firebase-vertexai.js","data-connect":"https://www.gstatic.com/firebasejs/11.4.0/firebase-data-connect.js","firestore.memory":"https://www.gstatic.com/firebasejs/11.4.0/firebase-firestore.memory.js"}}
[info] +  Wrote public/index.html 
[info] 
[info] i  Didn't detect a .git folder. Assuming C:\Users\user\Desktop\WeddingSite-main is the project root. 
[info] i  Authorizing with GitHub to upload your service account to a GitHub repository's secrets store. 
[info] 
[info] Visit this URL on this device to log in:
[info] https://github.com/login/oauth/authorize?client_id=89cf50f02ac6aaed3484&state=900956085&redirect_uri=http%3A%2F%2Flocalhost%3A9005&scope=read%3Auser%20repo%20public_repo
[info] 
[info] Waiting for authentication...
